<?xml version="1.0" encoding="UTF-8"?>
<!-- Generated by org.testng.reporters.JUnitReportReporter -->
<testsuite skipped="0" hostname="MAVBCP3547" name="com.tests.pageobjects.OraangHRM" tests="1" failures="0" timestamp="2021-12-14T20:01:33 IST" time="17.976" errors="0">
  <testcase name="VerifyValidLogin" time="17.976" classname="com.tests.pageobjects.OraangHRM"/>
  <system-out/>
</testsuite> <!-- com.tests.pageobjects.OraangHRM -->
