<?xml version="1.0" encoding="UTF-8"?>
<!-- Generated by org.testng.reporters.JUnitReportReporter -->
<testsuite skipped="0" hostname="MAVBCP3547" name="com.tests.pageobjects.LoginPF" tests="1" failures="0" timestamp="2021-12-15T12:11:11 IST" time="18.947" errors="0">
  <testcase name="TestValidLoginForChrome" time="18.947" classname="com.tests.pageobjects.LoginPF"/>
  <system-out/>
</testsuite> <!-- com.tests.pageobjects.LoginPF -->
